/!\ FAILSAFE /!\  2011-11-05 17:45:51 -0400
  Status: 500 Internal Server Error
  no such file to load -- sqlite3
    <internal:lib/rubygems/custom_require>:29:in `require'
    <internal:lib/rubygems/custom_require>:29:in `require'
    /usr/local/ruby/lib/ruby/gems/1.9.1/gems/activesupport-2.3.10/lib/active_support/dependencies.rb:182:in `block in require'
    /usr/local/ruby/lib/ruby/gems/1.9.1/gems/activesupport-2.3.10/lib/active_support/dependencies.rb:547:in `new_constants_in'
    /usr/local/ruby/lib/ruby/gems/1.9.1/gems/activesupport-2.3.10/lib/active_support/dependencies.rb:182:in `require'
    /usr/local/ruby/lib/ruby/gems/1.9.1/gems/activesupport-2.3.10/lib/active_support/core_ext/kernel/requires.rb:7:in `block in require_library_or_gem'
    /usr/local/ruby/lib/ruby/gems/1.9.1/gems/activesupport-2.3.10/lib/active_support/core_ext/kernel/reporting.rb:11:in `silence_warnings'
    /usr/local/ruby/lib/ruby/gems/1.9.1/gems/activesupport-2.3.10/lib/active_support/core_ext/kernel/requires.rb:5:in `require_library_or_gem'
    /usr/local/ruby/lib/ruby/gems/1.9.1/gems/activerecord-2.3.10/lib/active_record/connection_adapters/sqlite3_adapter.rb:10:in `sqlite3_connection'
    /usr/local/ruby/lib/ruby/gems/1.9.1/gems/activerecord-2.3.10/lib/active_record/connection_adapters/abstract/connection_pool.rb:223:in `new_connection'
    /usr/local/ruby/lib/ruby/gems/1.9.1/gems/activerecord-2.3.10/lib/active_record/connection_adapters/abstract/connection_pool.rb:245:in `checkout_new_connection'
    /usr/local/ruby/lib/ruby/gems/1.9.1/gems/activerecord-2.3.10/lib/active_record/connection_adapters/abstract/connection_pool.rb:188:in `block (2 levels) in checkout'
    /usr/local/ruby/lib/ruby/gems/1.9.1/gems/activerecord-2.3.10/lib/active_record/connection_adapters/abstract/connection_pool.rb:184:in `loop'
    /usr/local/ruby/lib/ruby/gems/1.9.1/gems/activerecord-2.3.10/lib/active_record/connection_adapters/abstract/connection_pool.rb:184:in `block in checkout'
    /usr/local/ruby/lib/ruby/1.9.1/monitor.rb:201:in `mon_synchronize'
    /usr/local/ruby/lib/ruby/gems/1.9.1/gems/activerecord-2.3.10/lib/active_record/connection_adapters/abstract/connection_pool.rb:183:in `checkout'
    /usr/local/ruby/lib/ruby/gems/1.9.1/gems/activerecord-2.3.10/lib/active_record/connection_adapters/abstract/connection_pool.rb:98:in `connection'
    /usr/local/ruby/lib/ruby/gems/1.9.1/gems/activerecord-2.3.10/lib/active_record/connection_adapters/abstract/connection_pool.rb:326:in `retrieve_connection'
    /usr/local/ruby/lib/ruby/gems/1.9.1/gems/activerecord-2.3.10/lib/active_record/connection_adapters/abstract/connection_specification.rb:123:in `retrieve_connection'
    /usr/local/ruby/lib/ruby/gems/1.9.1/gems/activerecord-2.3.10/lib/active_record/connection_adapters/abstract/connection_specification.rb:115:in `connection'
    /usr/local/ruby/lib/ruby/gems/1.9.1/gems/activerecord-2.3.10/lib/active_record/query_cache.rb:9:in `cache'
    /usr/local/ruby/lib/ruby/gems/1.9.1/gems/activerecord-2.3.10/lib/active_record/query_cache.rb:28:in `call'
    /usr/local/ruby/lib/ruby/gems/1.9.1/gems/activerecord-2.3.10/lib/active_record/connection_adapters/abstract/connection_pool.rb:361:in `call'
    /usr/local/ruby/lib/ruby/gems/1.9.1/gems/actionpack-2.3.10/lib/action_controller/string_coercion.rb:25:in `call'
    /usr/local/ruby/lib/ruby/gems/1.9.1/gems/rack-1.1.2/lib/rack/head.rb:9:in `call'
    /usr/local/ruby/lib/ruby/gems/1.9.1/gems/rack-1.1.2/lib/rack/methodoverride.rb:24:in `call'
    /usr/local/ruby/lib/ruby/gems/1.9.1/gems/actionpack-2.3.10/lib/action_controller/params_parser.rb:15:in `call'
    /usr/local/ruby/lib/ruby/gems/1.9.1/gems/actionpack-2.3.10/lib/action_controller/session/cookie_store.rb:100:in `call'
    /usr/local/ruby/lib/ruby/gems/1.9.1/gems/actionpack-2.3.10/lib/action_controller/failsafe.rb:26:in `call'
    /usr/local/ruby/lib/ruby/gems/1.9.1/gems/rack-1.1.2/lib/rack/lock.rb:11:in `block in call'
    <internal:prelude>:10:in `synchronize'
    /usr/local/ruby/lib/ruby/gems/1.9.1/gems/rack-1.1.2/lib/rack/lock.rb:11:in `call'
    /usr/local/ruby/lib/ruby/gems/1.9.1/gems/actionpack-2.3.10/lib/action_controller/dispatcher.rb:114:in `block in call'
    /usr/local/ruby/lib/ruby/gems/1.9.1/gems/actionpack-2.3.10/lib/action_controller/reloader.rb:34:in `run'
    /usr/local/ruby/lib/ruby/gems/1.9.1/gems/actionpack-2.3.10/lib/action_controller/dispatcher.rb:108:in `call'
    /usr/local/ruby/lib/ruby/gems/1.9.1/gems/rails-2.3.10/lib/rails/rack/static.rb:31:in `call'
    /usr/local/ruby/lib/ruby/gems/1.9.1/gems/rack-1.1.2/lib/rack/urlmap.rb:47:in `block in call'
    /usr/local/ruby/lib/ruby/gems/1.9.1/gems/rack-1.1.2/lib/rack/urlmap.rb:41:in `each'
    /usr/local/ruby/lib/ruby/gems/1.9.1/gems/rack-1.1.2/lib/rack/urlmap.rb:41:in `call'
    /usr/local/ruby/lib/ruby/gems/1.9.1/gems/rails-2.3.10/lib/rails/rack/log_tailer.rb:17:in `call'
    /usr/local/ruby/lib/ruby/gems/1.9.1/gems/rack-1.1.2/lib/rack/content_length.rb:13:in `call'
    /usr/local/ruby/lib/ruby/gems/1.9.1/gems/rack-1.1.2/lib/rack/handler/webrick.rb:48:in `service'
    /usr/local/ruby/lib/ruby/1.9.1/webrick/httpserver.rb:111:in `service'
    /usr/local/ruby/lib/ruby/1.9.1/webrick/httpserver.rb:70:in `run'
    /usr/local/ruby/lib/ruby/1.9.1/webrick/server.rb:183:in `block in start_thread'


Processing Rails::InfoController#properties (for 127.0.0.1 at 2011-11-05 17:48:23) [GET]
  [4;36;1mSQL (0.3ms)[0m   [0;1m SELECT name
 FROM sqlite_master
 WHERE type = 'table' AND NOT name = 'sqlite_sequence'
[0m
Completed in 42ms (View: 4, DB: 0) | 200 OK [http://localhost/rails/info/properties]


Processing Rails::InfoController#properties (for 127.0.0.1 at 2011-11-05 17:48:23) [GET]
  [4;35;1mSQL (0.2ms)[0m   [0m SELECT name
 FROM sqlite_master
 WHERE type = 'table' AND NOT name = 'sqlite_sequence'
[0m
Completed in 11ms (View: 1, DB: 0) | 200 OK [http://localhost/rails/info/properties]
